{
  "RSpec": {
    "coverage": {
      "/home/ubuntu/workspace/prct11/lib/Bibliography.rb": [
        1,
        1,
        1,
        1,
        1,
        1,
        1,
        1,
        1,
        1
      ],
      "/home/ubuntu/workspace/prct11/lib/Bibliography/bib.rb": [
        null,
        1,
        1,
        1,
        1,
        382,
        327,
        325,
        324,
        615,
        null,
        323,
        322,
        321,
        320,
        319,
        318,
        318,
        317,
        431,
        null,
        316,
        316,
        316,
        316,
        316,
        316,
        316,
        55,
        55,
        55,
        55,
        82,
        null,
        55,
        55,
        55,
        55,
        55,
        55,
        55,
        107,
        null,
        55,
        55,
        55,
        55,
        55,
        55,
        55,
        null,
        0,
        null,
        null,
        null,
        1,
        27,
        27,
        27,
        59,
        27,
        null,
        59,
        32,
        32,
        null,
        59,
        null,
        27,
        27,
        27,
        27,
        21,
        21,
        null,
        27,
        27,
        null,
        27,
        27,
        27,
        27,
        27,
        27,
        52,
        52,
        52,
        52,
        52,
        null,
        27,
        null,
        null,
        1,
        227,
        226,
        152,
        null,
        74,
        null,
        null,
        null
      ],
      "/home/ubuntu/workspace/prct11/lib/Bibliography/Node.rb": [
        null,
        1,
        null,
        1,
        1,
        4,
        4,
        null,
        null
      ],
      "/home/ubuntu/workspace/prct11/lib/Bibliography/Lista.rb": [
        1,
        1,
        1,
        null,
        1,
        78,
        137,
        null,
        null,
        78,
        78,
        78,
        78,
        78,
        26,
        26,
        26,
        26,
        null,
        26,
        null,
        52,
        7,
        7,
        null,
        45,
        null,
        null,
        null,
        null,
        null,
        1,
        3,
        null,
        2,
        2,
        2,
        null,
        null,
        1,
        4,
        null,
        4,
        4,
        4,
        null,
        null,
        1,
        2,
        2,
        2,
        2,
        null,
        null,
        1,
        1,
        1,
        1,
        1,
        null,
        null,
        1,
        0,
        0,
        0,
        null,
        0,
        0,
        0,
        0,
        0,
        0,
        null,
        null,
        null,
        null,
        1,
        2,
        2,
        5,
        null,
        2,
        2,
        2,
        5,
        5,
        5,
        null,
        null,
        1,
        3,
        2,
        2,
        4,
        4,
        4,
        null,
        2,
        null,
        null,
        1,
        0,
        0,
        0,
        0,
        0,
        0,
        null,
        0,
        null,
        null,
        1,
        1,
        1,
        2,
        null,
        1,
        null,
        null,
        1,
        1,
        1,
        2,
        null,
        1,
        null,
        null,
        1,
        11,
        11,
        18,
        15,
        null,
        null,
        null,
        1,
        2,
        5,
        2,
        null,
        null
      ],
      "/home/ubuntu/workspace/prct11/lib/Bibliography/Libro.rb": [
        1,
        null,
        null
      ],
      "/home/ubuntu/workspace/prct11/lib/Bibliography/ArtPer.rb": [
        null,
        1,
        null,
        1,
        1,
        27,
        26,
        26,
        26,
        26,
        26,
        26,
        26,
        null,
        null,
        1,
        1,
        null,
        1,
        1,
        1,
        null,
        1,
        1,
        1,
        1,
        1,
        1,
        1,
        1,
        1,
        1,
        1,
        1,
        null,
        null
      ],
      "/home/ubuntu/workspace/prct11/lib/Bibliography/ArtRev.rb": [
        1,
        null,
        1,
        null,
        null,
        null,
        1,
        28,
        27,
        27,
        27,
        27,
        27,
        27,
        null,
        null,
        1,
        1,
        null,
        null,
        1,
        1,
        1,
        null,
        1,
        1,
        1,
        1,
        1,
        1,
        1,
        1,
        1,
        1,
        1,
        null,
        null
      ],
      "/home/ubuntu/workspace/prct11/lib/Bibliography/Epub.rb": [
        1,
        1,
        1,
        28,
        27,
        27,
        27,
        27,
        27,
        27,
        27,
        null,
        null,
        1,
        1,
        1,
        1,
        1,
        null,
        1,
        1,
        1,
        1,
        1,
        1,
        1,
        1,
        1,
        1,
        1,
        1,
        1,
        null,
        null,
        null,
        null,
        null,
        null
      ],
      "/home/ubuntu/workspace/prct11/lib/Bibliography/Apa.rb": [
        1,
        1,
        122,
        188,
        null,
        122,
        188,
        188,
        212,
        212,
        212,
        212,
        null,
        188,
        null,
        null,
        122,
        188,
        188,
        496,
        null,
        188,
        188,
        null,
        122,
        188,
        332,
        200,
        12,
        12,
        12,
        12,
        12,
        12,
        188,
        0,
        0,
        0,
        0,
        0,
        0,
        null,
        null,
        null,
        null,
        122,
        null,
        122,
        188,
        null,
        null,
        122,
        122,
        122,
        122,
        122,
        2,
        2,
        4,
        4,
        null,
        2,
        null,
        120,
        60,
        60,
        null,
        60,
        null,
        null,
        null,
        null,
        null,
        1,
        null,
        null,
        1,
        14,
        19,
        19,
        null,
        22,
        null,
        null,
        19,
        null,
        null,
        19,
        19,
        null,
        19,
        null,
        14,
        2,
        2,
        2,
        null,
        null,
        2,
        2,
        2,
        2,
        null,
        null,
        null,
        null,
        null,
        null,
        14,
        2,
        2,
        null,
        2,
        null,
        null,
        2,
        2,
        null,
        null,
        14,
        2,
        2,
        null,
        2,
        null,
        null,
        2,
        2,
        null,
        null,
        null,
        14,
        14,
        14,
        25,
        19,
        19,
        null,
        2,
        2,
        null,
        2,
        2,
        null,
        2,
        2,
        null,
        25,
        null,
        null,
        14,
        null,
        null
      ],
      "/home/ubuntu/workspace/prct11/lib/Bibliography/Dsl.rb": [
        1,
        1,
        null,
        1,
        2,
        2,
        null,
        2,
        2,
        0,
        null,
        2,
        null,
        null,
        2,
        null,
        null,
        1,
        2,
        null,
        2,
        null,
        null,
        1,
        2,
        null,
        2,
        null,
        null,
        1,
        2,
        2,
        null,
        null,
        1,
        2,
        null,
        2,
        null,
        null,
        null,
        1,
        1,
        null,
        null
      ],
      "/home/ubuntu/workspace/prct11/spec/ArtPer_spec.rb": [
        null,
        1,
        1,
        null,
        null,
        1,
        1,
        11,
        null,
        null,
        1,
        1,
        2,
        null,
        1,
        2,
        null,
        null,
        1,
        1,
        1,
        null,
        1,
        1,
        null,
        1,
        1,
        null,
        null,
        1,
        1,
        null,
        null,
        1,
        1,
        null,
        null,
        null,
        1,
        1,
        1,
        null,
        1,
        1,
        null,
        1,
        1,
        null,
        null,
        null,
        1,
        1,
        1,
        null,
        null,
        null
      ],
      "/home/ubuntu/workspace/prct11/spec/ArtRev_spec.rb": [
        null,
        1,
        1,
        null,
        1,
        1,
        12,
        null,
        null,
        null,
        1,
        1,
        2,
        null,
        null,
        1,
        2,
        null,
        null,
        1,
        1,
        1,
        null,
        1,
        1,
        null,
        1,
        1,
        null,
        null,
        1,
        1,
        null,
        null,
        1,
        1,
        null,
        null,
        1,
        1,
        null,
        null,
        null,
        1,
        1,
        1,
        null,
        null,
        1,
        1,
        null,
        null,
        1,
        1,
        null,
        null,
        null,
        1,
        1,
        1,
        null,
        null,
        null
      ],
      "/home/ubuntu/workspace/prct11/spec/Bibliography_spec.rb": [
        null,
        1,
        1,
        null,
        1,
        1,
        29,
        null,
        null,
        null,
        null,
        29,
        null,
        null,
        null,
        1,
        1,
        2,
        null,
        1,
        2,
        null,
        1,
        2,
        null,
        1,
        2,
        null,
        1,
        2,
        null,
        1,
        2,
        null,
        null,
        null,
        1,
        1,
        2,
        null,
        1,
        2,
        null,
        null,
        null,
        1,
        1,
        2,
        null,
        1,
        2,
        null,
        1,
        2,
        null,
        null,
        null,
        1,
        1,
        2,
        null,
        1,
        2,
        null,
        null,
        null,
        1,
        1,
        2,
        null,
        1,
        2,
        null,
        null,
        null,
        1,
        1,
        2,
        null,
        1,
        2,
        null,
        null,
        null,
        1,
        1,
        2,
        null,
        null,
        null,
        null,
        null,
        null,
        1,
        2,
        null,
        null,
        null,
        null,
        null,
        null,
        1,
        2,
        null,
        null,
        null,
        null,
        null,
        null,
        1,
        2,
        null,
        null,
        null,
        null,
        null,
        null,
        null,
        null,
        1,
        1,
        1,
        null,
        1,
        1,
        null,
        1,
        1,
        null,
        1,
        1,
        null,
        1,
        1,
        null,
        1,
        1,
        null,
        1,
        1,
        null,
        1,
        1,
        1,
        null,
        null,
        null,
        null
      ],
      "/home/ubuntu/workspace/prct11/spec/Comparable_spec.rb": [
        null,
        1,
        1,
        null,
        1,
        1,
        7,
        null,
        7,
        7,
        7,
        7,
        null,
        7,
        7,
        7,
        null,
        null,
        1,
        1,
        1,
        null,
        1,
        1,
        null,
        1,
        1,
        null,
        1,
        1,
        1,
        null,
        null,
        1,
        2,
        null,
        null,
        null,
        1,
        1,
        1,
        null,
        null,
        1,
        2,
        null,
        null,
        null,
        null,
        1,
        1,
        4,
        null,
        null,
        null,
        null,
        null,
        4,
        null,
        null,
        null,
        4,
        null,
        null,
        null,
        null,
        4,
        null,
        null,
        null,
        null,
        4,
        null,
        null,
        null,
        null,
        null,
        null,
        1,
        1,
        1,
        null,
        null,
        1,
        1,
        null,
        null,
        1,
        1,
        null,
        null,
        1,
        2,
        null,
        null,
        null
      ],
      "/home/ubuntu/workspace/prct11/spec/Dsl_spec.rb": [
        null,
        1,
        1,
        null,
        1,
        1,
        null,
        2,
        2,
        null,
        null,
        null,
        null,
        null,
        null,
        2,
        null,
        null,
        null,
        null,
        null,
        null,
        null,
        2,
        null,
        null,
        null,
        null,
        null,
        null,
        2,
        null,
        null,
        null,
        null,
        null,
        null,
        null,
        null,
        null,
        1,
        1,
        1,
        null,
        null,
        null,
        1,
        1,
        1,
        null,
        null,
        null,
        null,
        null
      ],
      "/home/ubuntu/workspace/prct11/spec/Epub_spec.rb": [
        null,
        1,
        1,
        null,
        1,
        1,
        12,
        null,
        null,
        null,
        1,
        1,
        2,
        null,
        1,
        2,
        null,
        null,
        1,
        1,
        1,
        null,
        1,
        1,
        null,
        1,
        1,
        null,
        null,
        1,
        1,
        null,
        null,
        1,
        1,
        null,
        null,
        1,
        1,
        null,
        null,
        null,
        1,
        1,
        1,
        null,
        1,
        1,
        null,
        1,
        1,
        null,
        null,
        null,
        1,
        1,
        1,
        null,
        null,
        null
      ],
      "/home/ubuntu/workspace/prct11/spec/Libro_spec.rb": [
        null,
        1,
        1,
        null,
        1,
        1,
        5,
        null,
        null,
        null,
        null,
        null,
        1,
        1,
        1,
        null,
        1,
        1,
        null,
        1,
        1,
        null,
        null,
        1,
        1,
        null,
        null,
        null,
        1,
        1,
        1,
        null,
        null,
        null
      ],
      "/home/ubuntu/workspace/prct11/spec/Lista_spec.rb": [
        null,
        1,
        1,
        null,
        1,
        1,
        19,
        null,
        19,
        19,
        19,
        19,
        null,
        null,
        null,
        null,
        null,
        null,
        null,
        null,
        null,
        19,
        19,
        19,
        null,
        null,
        null,
        null,
        1,
        1,
        1,
        null,
        null,
        1,
        1,
        1,
        null,
        null,
        null,
        1,
        1,
        1,
        null,
        1,
        1,
        null,
        1,
        2,
        null,
        1,
        1,
        1,
        null,
        1,
        1,
        1,
        null,
        null,
        1,
        1,
        1,
        null,
        1,
        1,
        null,
        1,
        2,
        null,
        1,
        1,
        1,
        1,
        1,
        null,
        null,
        null,
        1,
        1,
        2,
        null,
        null,
        null,
        1,
        1,
        1,
        null,
        1,
        1,
        null,
        1,
        2,
        null,
        null,
        null,
        1,
        1,
        1,
        null,
        1,
        1,
        null,
        null,
        null,
        1,
        1,
        2,
        null,
        null,
        1,
        1,
        1,
        null,
        null,
        null,
        null
      ],
      "/home/ubuntu/workspace/prct11/spec/Node_spec.rb": [
        null,
        1,
        1,
        null,
        1,
        1,
        2,
        null,
        2,
        null,
        null,
        1,
        1,
        1,
        null,
        1,
        1,
        null,
        null,
        null,
        null,
        null
      ]
    },
    "timestamp": 1449870473
  }
}
